[2026-02-27 12:27:26] [DEBUG] [Main] Debug message — details internes
[2026-02-27 12:27:26] [INFO ] [Main] Server is starting...
[2026-02-27 12:27:26] [WARN ] [Main] This is a warning
[2026-02-27 12:27:26] [ERROR] [Main] Something went wrong
[2026-02-27 12:27:26] [ERROR] [Main] Division by zero caught — / by zero
java.lang.ArithmeticException: / by zero
	at com.localserver.Main.main(Main.java:20)
	at java.base/jdk.internal.reflect.DirectMethodHandleAccessor.invoke(DirectMethodHandleAccessor.java:104)
	at java.base/java.lang.reflect.Method.invoke(Method.java:565)
	at org.codehaus.mojo.exec.AbstractExecJavaBase.executeMainMethod(AbstractExecJavaBase.java:402)
	at org.codehaus.mojo.exec.ExecJavaMojo.executeMainMethod(ExecJavaMojo.java:142)
	at org.codehaus.mojo.exec.AbstractExecJavaBase.doExecClassLoader(AbstractExecJavaBase.java:377)
	at org.codehaus.mojo.exec.AbstractExecJavaBase.lambda$execute$0(AbstractExecJavaBase.java:287)
	at java.base/java.lang.Thread.run(Thread.java:1474)
[2026-02-27 14:15:17] [INFO ] [ConfigLoader] Loading configuration from: src/main/resources/config/server.conf
[2026-02-27 14:15:17] [INFO ] [ConfigLoader] Config validation passed
[2026-02-27 14:15:17] [INFO ] [ConfigLoader] Configuration loaded: 1 server(s) found
[2026-02-27 14:15:17] [INFO ] [Main] Loaded server: Server{host='0.0.0.0', ports=[8080], name='localhost', default=true, maxBody=10485760, errorPages={400=/error_pages/400.html, 403=/error_pages/403.html, 404=/error_pages/404.html, 500=/error_pages/500.html, 405=/error_pages/405.html, 413=/error_pages/413.html}, routes=[Route{path='/', methods=[GET, POST], root='./src/main/resources/www', listing=false, upload=false, redirect=0}, Route{path='/upload', methods=[POST], root='./src/main/resources/www/uploads', listing=false, upload=true, redirect=0}, Route{path='/old', methods=[], root='null', listing=false, upload=false, redirect=301}]}
[2026-02-27 16:16:24] [INFO ] [ConfigLoader] Loading configuration from: src/main/resources/config/server.conf
[2026-02-27 16:16:24] [INFO ] [ConfigLoader] Config validation passed
[2026-02-27 16:16:24] [INFO ] [ConfigLoader] Configuration loaded: 1 server(s) found
[2026-02-27 16:16:24] [INFO ] [Main] Loaded server: Server{host='0.0.0.0', ports=[8080], name='localhost', default=true, maxBody=10485760, errorPages={400=/error_pages/400.html, 403=/error_pages/403.html, 404=/error_pages/404.html, 500=/error_pages/500.html, 405=/error_pages/405.html, 413=/error_pages/413.html}, routes=[Route{path='/', methods=[GET, POST], root='./src/main/resources/www', listing=false, upload=false, redirect=0}, Route{path='/upload', methods=[POST], root='./src/main/resources/www/uploads', listing=false, upload=true, redirect=0}, Route{path='/old', methods=[], root='null', listing=false, upload=false, redirect=301}]}
[2026-02-27 16:17:04] [INFO ] [Main] Server is starting...
[2026-02-27 16:17:04] [INFO ] [ConfigLoader] Loading configuration from: src/main/resources/config/server.conf
[2026-02-27 16:17:04] [INFO ] [ConfigLoader] Config validation passed
[2026-02-27 16:17:04] [INFO ] [ConfigLoader] Configuration loaded: 1 server(s) found
[2026-02-27 16:17:04] [INFO ] [Main] Loaded server: Server{host='0.0.0.0', ports=[8080], name='localhost', default=true, maxBody=10485760, errorPages={400=/error_pages/400.html, 403=/error_pages/403.html, 404=/error_pages/404.html, 500=/error_pages/500.html, 405=/error_pages/405.html, 413=/error_pages/413.html}, routes=[Route{path='/', methods=[GET, POST], root='./src/main/resources/www', listing=false, upload=false, redirect=0}, Route{path='/upload', methods=[POST], root='./src/main/resources/www/uploads', listing=false, upload=true, redirect=0}, Route{path='/old', methods=[], root='null', listing=false, upload=false, redirect=301}]}
[2026-03-01 12:21:12] [INFO ] [Main] Server is starting...
[2026-03-01 12:21:12] [INFO ] [ConfigLoader] Loading configuration from: src/main/resources/config/server.conf
[2026-03-01 12:21:12] [INFO ] [ConfigLoader] Config validation passed
[2026-03-01 12:21:12] [INFO ] [ConfigLoader] Configuration loaded: 1 server(s) found
[2026-03-01 12:21:12] [INFO ] [Server] Listening on 0.0.0.0:8080
[2026-03-01 12:21:12] [INFO ] [Server] Server started — entering event loop
[2026-03-01 12:21:41] [INFO ] [Main] Server is starting...
[2026-03-01 12:21:41] [INFO ] [ConfigLoader] Loading configuration from: src/main/resources/config/server.conf
[2026-03-01 12:21:41] [INFO ] [ConfigLoader] Config validation passed
[2026-03-01 12:21:41] [INFO ] [ConfigLoader] Configuration loaded: 1 server(s) found
[2026-03-01 12:21:41] [ERROR] [Main] Fatal error — Address already in use
java.net.BindException: Address already in use
	at java.base/sun.nio.ch.Net.bind0(Native Method)
	at java.base/sun.nio.ch.Net.bind(Net.java:522)
	at java.base/sun.nio.ch.ServerSocketChannelImpl.netBind(ServerSocketChannelImpl.java:335)
	at java.base/sun.nio.ch.ServerSocketChannelImpl.bind(ServerSocketChannelImpl.java:297)
	at java.base/java.nio.channels.ServerSocketChannel.bind(ServerSocketChannel.java:221)
	at com.localserver.Server.start(Server.java:66)
	at com.localserver.Main.main(Main.java:42)
	at java.base/jdk.internal.reflect.DirectMethodHandleAccessor.invoke(DirectMethodHandleAccessor.java:104)
	at java.base/java.lang.reflect.Method.invoke(Method.java:565)
	at org.codehaus.mojo.exec.AbstractExecJavaBase.executeMainMethod(AbstractExecJavaBase.java:402)
	at org.codehaus.mojo.exec.ExecJavaMojo.executeMainMethod(ExecJavaMojo.java:142)
	at org.codehaus.mojo.exec.AbstractExecJavaBase.doExecClassLoader(AbstractExecJavaBase.java:377)
	at org.codehaus.mojo.exec.AbstractExecJavaBase.lambda$execute$0(AbstractExecJavaBase.java:287)
	at java.base/java.lang.Thread.run(Thread.java:1474)
[2026-03-01 12:21:41] [INFO ] [Server] Stopping server...
[2026-03-01 12:21:41] [INFO ] [Server] Server stopped
[2026-03-01 12:21:59] [INFO ] [Main] Server is starting...
[2026-03-01 12:21:59] [INFO ] [ConfigLoader] Loading configuration from: src/main/resources/config/server.conf
[2026-03-01 12:21:59] [INFO ] [ConfigLoader] Config validation passed
[2026-03-01 12:21:59] [INFO ] [ConfigLoader] Configuration loaded: 1 server(s) found
[2026-03-01 12:21:59] [ERROR] [Main] Fatal error — Address already in use
java.net.BindException: Address already in use
	at java.base/sun.nio.ch.Net.bind0(Native Method)
	at java.base/sun.nio.ch.Net.bind(Net.java:522)
	at java.base/sun.nio.ch.ServerSocketChannelImpl.netBind(ServerSocketChannelImpl.java:335)
	at java.base/sun.nio.ch.ServerSocketChannelImpl.bind(ServerSocketChannelImpl.java:297)
	at java.base/java.nio.channels.ServerSocketChannel.bind(ServerSocketChannel.java:221)
	at com.localserver.Server.start(Server.java:66)
	at com.localserver.Main.main(Main.java:42)
	at java.base/jdk.internal.reflect.DirectMethodHandleAccessor.invoke(DirectMethodHandleAccessor.java:104)
	at java.base/java.lang.reflect.Method.invoke(Method.java:565)
	at org.codehaus.mojo.exec.AbstractExecJavaBase.executeMainMethod(AbstractExecJavaBase.java:402)
	at org.codehaus.mojo.exec.ExecJavaMojo.executeMainMethod(ExecJavaMojo.java:142)
	at org.codehaus.mojo.exec.AbstractExecJavaBase.doExecClassLoader(AbstractExecJavaBase.java:377)
	at org.codehaus.mojo.exec.AbstractExecJavaBase.lambda$execute$0(AbstractExecJavaBase.java:287)
	at java.base/java.lang.Thread.run(Thread.java:1474)
[2026-03-01 12:26:15] [INFO ] [Main] Server is starting...
[2026-03-01 12:26:15] [INFO ] [ConfigLoader] Loading configuration from: src/main/resources/config/server.conf
[2026-03-01 12:26:15] [INFO ] [ConfigLoader] Config validation passed
[2026-03-01 12:26:15] [INFO ] [ConfigLoader] Configuration loaded: 1 server(s) found
[2026-03-01 12:26:15] [INFO ] [Server] Listening on 0.0.0.0:8080
[2026-03-01 12:26:15] [INFO ] [Server] Server started — entering event loop
[2026-03-01 12:26:24] [INFO ] [Main] Server is starting...
[2026-03-01 12:26:24] [INFO ] [ConfigLoader] Loading configuration from: src/main/resources/config/server.conf
[2026-03-01 12:26:24] [INFO ] [ConfigLoader] Config validation passed
[2026-03-01 12:26:24] [INFO ] [ConfigLoader] Configuration loaded: 1 server(s) found
[2026-03-01 12:26:24] [ERROR] [Main] Fatal error — Address already in use
java.net.BindException: Address already in use
	at java.base/sun.nio.ch.Net.bind0(Native Method)
	at java.base/sun.nio.ch.Net.bind(Net.java:522)
	at java.base/sun.nio.ch.ServerSocketChannelImpl.netBind(ServerSocketChannelImpl.java:335)
	at java.base/sun.nio.ch.ServerSocketChannelImpl.bind(ServerSocketChannelImpl.java:297)
	at java.base/java.nio.channels.ServerSocketChannel.bind(ServerSocketChannel.java:221)
	at com.localserver.Server.start(Server.java:66)
	at com.localserver.Main.main(Main.java:42)
	at java.base/jdk.internal.reflect.DirectMethodHandleAccessor.invoke(DirectMethodHandleAccessor.java:104)
	at java.base/java.lang.reflect.Method.invoke(Method.java:565)
	at org.codehaus.mojo.exec.AbstractExecJavaBase.executeMainMethod(AbstractExecJavaBase.java:402)
	at org.codehaus.mojo.exec.ExecJavaMojo.executeMainMethod(ExecJavaMojo.java:142)
	at org.codehaus.mojo.exec.AbstractExecJavaBase.doExecClassLoader(AbstractExecJavaBase.java:377)
	at org.codehaus.mojo.exec.AbstractExecJavaBase.lambda$execute$0(AbstractExecJavaBase.java:287)
	at java.base/java.lang.Thread.run(Thread.java:1474)
[2026-03-01 12:26:24] [INFO ] [Server] Stopping server...
[2026-03-01 12:26:24] [INFO ] [Server] Server stopped
[2026-03-01 12:32:12] [INFO ] [Main] Server is starting...
[2026-03-01 12:32:12] [INFO ] [ConfigLoader] Loading configuration from: src/main/resources/config/server.conf
[2026-03-01 12:32:12] [INFO ] [ConfigLoader] Config validation passed
[2026-03-01 12:32:12] [INFO ] [ConfigLoader] Configuration loaded: 1 server(s) found
[2026-03-01 12:32:12] [ERROR] [Main] Fatal error — Address already in use
java.net.BindException: Address already in use
	at java.base/sun.nio.ch.Net.bind0(Native Method)
	at java.base/sun.nio.ch.Net.bind(Net.java:522)
	at java.base/sun.nio.ch.ServerSocketChannelImpl.netBind(ServerSocketChannelImpl.java:335)
	at java.base/sun.nio.ch.ServerSocketChannelImpl.bind(ServerSocketChannelImpl.java:297)
	at java.base/java.nio.channels.ServerSocketChannel.bind(ServerSocketChannel.java:221)
	at com.localserver.Server.start(Server.java:66)
	at com.localserver.Main.main(Main.java:42)
	at java.base/jdk.internal.reflect.DirectMethodHandleAccessor.invoke(DirectMethodHandleAccessor.java:104)
	at java.base/java.lang.reflect.Method.invoke(Method.java:565)
	at org.codehaus.mojo.exec.AbstractExecJavaBase.executeMainMethod(AbstractExecJavaBase.java:402)
	at org.codehaus.mojo.exec.ExecJavaMojo.executeMainMethod(ExecJavaMojo.java:142)
	at org.codehaus.mojo.exec.AbstractExecJavaBase.doExecClassLoader(AbstractExecJavaBase.java:377)
	at org.codehaus.mojo.exec.AbstractExecJavaBase.lambda$execute$0(AbstractExecJavaBase.java:287)
	at java.base/java.lang.Thread.run(Thread.java:1474)
[2026-03-01 12:32:12] [INFO ] [Server] Stopping server...
[2026-03-01 12:32:12] [INFO ] [Server] Server stopped
[2026-03-01 12:34:44] [INFO ] [Main] Server is starting...
[2026-03-01 12:34:44] [INFO ] [ConfigLoader] Loading configuration from: src/main/resources/config/server.conf
[2026-03-01 12:34:44] [INFO ] [ConfigLoader] Config validation passed
[2026-03-01 12:34:44] [INFO ] [ConfigLoader] Configuration loaded: 1 server(s) found
[2026-03-01 12:34:44] [ERROR] [Main] Fatal error — Address already in use
java.net.BindException: Address already in use
	at java.base/sun.nio.ch.Net.bind0(Native Method)
	at java.base/sun.nio.ch.Net.bind(Net.java:522)
	at java.base/sun.nio.ch.ServerSocketChannelImpl.netBind(ServerSocketChannelImpl.java:335)
	at java.base/sun.nio.ch.ServerSocketChannelImpl.bind(ServerSocketChannelImpl.java:297)
	at java.base/java.nio.channels.ServerSocketChannel.bind(ServerSocketChannel.java:221)
	at com.localserver.Server.start(Server.java:66)
	at com.localserver.Main.main(Main.java:42)
	at java.base/jdk.internal.reflect.DirectMethodHandleAccessor.invoke(DirectMethodHandleAccessor.java:104)
	at java.base/java.lang.reflect.Method.invoke(Method.java:565)
	at org.codehaus.mojo.exec.AbstractExecJavaBase.executeMainMethod(AbstractExecJavaBase.java:402)
	at org.codehaus.mojo.exec.ExecJavaMojo.executeMainMethod(ExecJavaMojo.java:142)
	at org.codehaus.mojo.exec.AbstractExecJavaBase.doExecClassLoader(AbstractExecJavaBase.java:377)
	at org.codehaus.mojo.exec.AbstractExecJavaBase.lambda$execute$0(AbstractExecJavaBase.java:287)
	at java.base/java.lang.Thread.run(Thread.java:1474)
[2026-03-01 12:34:44] [INFO ] [Server] Stopping server...
[2026-03-01 12:34:44] [INFO ] [Server] Server stopped
[2026-03-01 12:35:12] [DEBUG] [Server] New connection from: /127.0.0.1:52922
[2026-03-01 12:35:26] [DEBUG] [Server] New connection from: /127.0.0.1:49866
[2026-03-01 17:00:19] [INFO ] [Server] Stopping server...
[2026-03-01 17:00:19] [INFO ] [Server] Server stopped
